<?xml version="1.0" encoding="UTF-8"?>
<testsuite name="com.dummyTesting.MoodAnalyzerTest" tests="4" skipped="0" failures="0" errors="0" timestamp="2020-09-22T08:07:17" hostname="cspr" time="0.005">
  <properties/>
  <testcase name="givenMessage_whenEmpty_shouldThrowException" classname="com.dummyTesting.MoodAnalyzerTest" time="0.001"/>
  <testcase name="givenMessage_whenSad_ShouldReturnSad" classname="com.dummyTesting.MoodAnalyzerTest" time="0.003"/>
  <testcase name="givenMessage_whenNull_shouldThrowException" classname="com.dummyTesting.MoodAnalyzerTest" time="0.0"/>
  <testcase name="givenMessage_whenNotSad_shouldReturnHappy" classname="com.dummyTesting.MoodAnalyzerTest" time="0.001"/>
  <system-out><![CDATA[]]></system-out>
  <system-err><![CDATA[]]></system-err>
</testsuite>
